<?xml version="1.0" encoding="UTF-8"?>
<testng-results skipped="0" failed="0" ignored="0" total="1" passed="1">
  <reporter-output>
    <line>
      <![CDATA[openBrowser]]>
    </line>
    <line>
      <![CDATA[login]]>
    </line>
    <line>
      <![CDATA[Create customer]]>
    </line>
    <line>
      <![CDATA[logout]]>
    </line>
    <line>
      <![CDATA[closeBrowser]]>
    </line>
  </reporter-output>
  <suite name="Default suite" duration-ms="19396" started-at="2022-08-15T09:42:05 IST" finished-at="2022-08-15T09:42:24 IST">
    <groups>
    </groups>
    <test name="Default test" duration-ms="19396" started-at="2022-08-15T09:42:05 IST" finished-at="2022-08-15T09:42:24 IST">
      <class name="com.actitime.testscript.CustomerModule">
        <test-method status="PASS" signature="openBrowser()[pri:0, instance:com.actitime.testscript.CustomerModule@7b69c6ba]" name="openBrowser" is-config="true" duration-ms="1909" started-at="2022-08-15T09:42:05 IST" finished-at="2022-08-15T09:42:07 IST">
          <reporter-output>
            <line>
              <![CDATA[openBrowser]]>
            </line>
          </reporter-output>
        </test-method> <!-- openBrowser -->
        <test-method status="PASS" signature="login()[pri:0, instance:com.actitime.testscript.CustomerModule@7b69c6ba]" name="login" is-config="true" duration-ms="5307" started-at="2022-08-15T09:42:07 IST" finished-at="2022-08-15T09:42:12 IST">
          <reporter-output>
            <line>
              <![CDATA[login]]>
            </line>
          </reporter-output>
        </test-method> <!-- login -->
        <test-method status="PASS" signature="testCreateCustomer()[pri:0, instance:com.actitime.testscript.CustomerModule@7b69c6ba]" name="testCreateCustomer" duration-ms="10412" started-at="2022-08-15T09:42:12 IST" finished-at="2022-08-15T09:42:22 IST">
          <reporter-output>
            <line>
              <![CDATA[Create customer]]>
            </line>
          </reporter-output>
        </test-method> <!-- testCreateCustomer -->
        <test-method status="PASS" signature="logout()[pri:0, instance:com.actitime.testscript.CustomerModule@7b69c6ba]" name="logout" is-config="true" duration-ms="1613" started-at="2022-08-15T09:42:22 IST" finished-at="2022-08-15T09:42:24 IST">
          <reporter-output>
            <line>
              <![CDATA[logout]]>
            </line>
          </reporter-output>
        </test-method> <!-- logout -->
        <test-method status="PASS" signature="closeBrowser()[pri:0, instance:com.actitime.testscript.CustomerModule@7b69c6ba]" name="closeBrowser" is-config="true" duration-ms="115" started-at="2022-08-15T09:42:24 IST" finished-at="2022-08-15T09:42:24 IST">
          <reporter-output>
            <line>
              <![CDATA[closeBrowser]]>
            </line>
          </reporter-output>
        </test-method> <!-- closeBrowser -->
      </class> <!-- com.actitime.testscript.CustomerModule -->
    </test> <!-- Default test -->
  </suite> <!-- Default suite -->
</testng-results>
